
========================================
Protein: 1GUA
========================================
Cluster 1: score=0.5210

========================================
Protein: 121p
========================================
Cluster 1: score=0.4611

========================================
Protein: 12as
========================================
Cluster 1: score=0.5189

========================================
Protein: 13pk
========================================
Cluster 1: score=0.4527
Cluster 2: score=0.4440

========================================
Protein: 16pk
========================================
Cluster 1: score=0.5506
Cluster 2: score=0.4250

========================================
Protein: 17gs
========================================
Cluster 1: score=0.4763

========================================
Protein: 182l
========================================
Cluster 1: score=0.5418
Cluster 2: score=0.4810

========================================
Protein: 183l
========================================
Cluster 1: score=0.5279
Cluster 2: score=0.4509

========================================
Protein: 185l
========================================
Cluster 1: score=0.5175
Cluster 2: score=0.4560

========================================
Protein: 186l
========================================
Cluster 1: score=0.5281

========================================
Protein: 187l
========================================
Cluster 1: score=0.5163

========================================
Protein: 18gs
========================================
Cluster 1: score=0.4812

========================================
Protein: 19gs
========================================
Cluster 1: score=0.4876

========================================
Protein: 1a05
========================================
Cluster 1: score=0.4564
Cluster 2: score=0.4400

========================================
Protein: 1a26
========================================
Cluster 1: score=0.5346

========================================
Protein: 1a2c
========================================
Cluster 1: score=0.5240

========================================
Protein: 1a2k
========================================
Cluster 1: score=0.4454
Cluster 2: score=0.4400

========================================
Protein: 1a3g
========================================
Cluster 1: score=0.4830

========================================
Protein: 1a3l
========================================
Cluster 1: score=0.4520
Cluster 2: score=0.4438
Cluster 3: score=0.4378

========================================
Protein: 1a46
========================================
Cluster 1: score=0.5184

========================================
Protein: 1a4i
========================================
Cluster 1: score=0.4636
Cluster 2: score=0.4616
Cluster 3: score=0.4425

========================================
Protein: 1a4q
========================================
Cluster 1: score=0.4660

========================================
Protein: 1a4w
========================================
Cluster 1: score=0.5211

========================================
Protein: 1a53
========================================
Cluster 1: score=0.4573

========================================
Protein: 1a54
========================================
Cluster 1: score=0.4380
Cluster 2: score=0.4291

========================================
Protein: 1a59
========================================
Cluster 1: score=0.5590

========================================
Protein: 1a5a
========================================
Cluster 1: score=0.5249

========================================
Protein: 1a5b
========================================
Cluster 1: score=0.5278

========================================
Protein: 1a5g
========================================
Cluster 1: score=0.5096

========================================
Protein: 1a5s
========================================
Cluster 1: score=0.4787

========================================
Protein: 1a5z
========================================
Cluster 1: score=0.5143
Cluster 2: score=0.4342

========================================
Protein: 1a69
========================================
Cluster 1: score=0.4700

========================================
Protein: 1a6v
========================================
Cluster 1: score=0.4354

========================================
Protein: 1a71
========================================
Cluster 1: score=0.5484

========================================
Protein: 1a8g
========================================
Cluster 1: score=0.5020
Cluster 2: score=0.4229
Cluster 3: score=0.4210

========================================
Protein: 1a8p
========================================
Cluster 1: score=0.5193

========================================
Protein: 1a9m
========================================
Cluster 1: score=0.4914

========================================
Protein: 1a9q
========================================
Cluster 1: score=0.5595

========================================
Protein: 1a9r
========================================
Cluster 1: score=0.5628

========================================
Protein: 1a9s
========================================
Cluster 1: score=0.5169
Cluster 2: score=0.4390

========================================
Protein: 1a9t
========================================
Cluster 1: score=0.5151
Cluster 2: score=0.4493

========================================
Protein: 1a9y
========================================
Cluster 1: score=0.5431

========================================
Protein: 1a9z
========================================
Cluster 1: score=0.5455

========================================
Protein: 1aa6
========================================
Cluster 1: score=0.5555

========================================
Protein: 1abf
========================================
Cluster 1: score=0.5169

========================================
Protein: 1ac4
========================================
Cluster 1: score=0.5401

========================================
Protein: 1ac8
========================================
Cluster 1: score=0.5388

========================================
Protein: 1ads
========================================
Cluster 1: score=0.5869
Cluster 2: score=0.4250

========================================
Protein: 1ae8
========================================
Cluster 1: score=0.5034

========================================
Protein: 1aed
========================================
Cluster 1: score=0.5328

========================================
Protein: 1aee
========================================
Cluster 1: score=0.5286

========================================
Protein: 1aef
========================================
Cluster 1: score=0.5335

========================================
Protein: 1aeg
========================================
Cluster 1: score=0.5369

========================================
Protein: 1aeh
========================================
Cluster 1: score=0.5400

========================================
Protein: 1aej
========================================
Cluster 1: score=0.5273

========================================
Protein: 1aek
========================================
Cluster 1: score=0.5471

========================================
Protein: 1aem
========================================
Cluster 1: score=0.5398

========================================
Protein: 1aen
========================================
Cluster 1: score=0.5315

========================================
Protein: 1aeo
========================================
Cluster 1: score=0.5232

========================================
Protein: 1aeq
========================================
Cluster 1: score=0.5199

========================================
Protein: 1af7
========================================
Cluster 1: score=0.4984
Cluster 2: score=0.4450
Cluster 3: score=0.4419

========================================
Protein: 1afe
========================================
Cluster 1: score=0.5252

========================================
Protein: 1afq
========================================
Cluster 1: score=0.4433

========================================
Protein: 1afs
========================================
Cluster 1: score=0.4982
Cluster 2: score=0.4928
Cluster 3: score=0.4322

========================================
Protein: 1ah0
========================================
Cluster 1: score=0.4589

========================================
Protein: 1ah3
========================================
Cluster 1: score=0.4572

========================================
Protein: 1ah4
========================================
Cluster 1: score=0.4544

========================================
Protein: 1ah5
========================================
Cluster 1: score=0.5238

========================================
Protein: 1ahb
========================================
Cluster 1: score=0.4711

========================================
Protein: 1ahe
========================================
Cluster 1: score=0.4607
Cluster 2: score=0.4321

========================================
Protein: 1ahf
========================================
Cluster 1: score=0.4609
Cluster 2: score=0.4513

========================================
Protein: 1aht
========================================
Cluster 1: score=0.5084

========================================
Protein: 1ahx
========================================
Cluster 1: score=0.4835
Cluster 2: score=0.4650

========================================
Protein: 1ahy
========================================
Cluster 1: score=0.4519
Cluster 2: score=0.4350

========================================
Protein: 1ai8
========================================
Cluster 1: score=0.5154

========================================
Protein: 1aia
========================================
Cluster 1: score=0.4714
Cluster 2: score=0.4538

========================================
Protein: 1aic
========================================
Cluster 1: score=0.4738
Cluster 2: score=0.4538

========================================
Protein: 1aid
========================================
Cluster 1: score=0.4533
Cluster 2: score=0.4350

========================================
Protein: 1aix
========================================
Cluster 1: score=0.5193

========================================
Protein: 1aj0
========================================
Cluster 1: score=0.5385

========================================
Protein: 1aj2
========================================
Cluster 1: score=0.5494

========================================
Protein: 1aj8
========================================
Cluster 1: score=0.4694
Cluster 2: score=0.4473

========================================
Protein: 1ajk
========================================
Cluster 1: score=0.5303
Cluster 2: score=0.4986
Cluster 3: score=0.4839
Cluster 4: score=0.4754
Cluster 5: score=0.4665

========================================
Protein: 1ajn
========================================
Cluster 1: score=0.4854

========================================
Protein: 1ajp
========================================
Cluster 1: score=0.5072
