
========================================
Protein: 121p
========================================
Cluster 1: score=0.4689
Cluster 2: score=0.4520

========================================
Protein: 121p
========================================
Cluster 1: score=0.4612
Cluster 2: score=0.4570

========================================
Protein: 121p
========================================
Cluster 1: score=0.4644

========================================
Protein: 121p
========================================
Cluster 1: score=0.4719

========================================
Protein: 121p
========================================
Cluster 1: score=0.4773

========================================
Protein: 121p
========================================
Cluster 1: score=0.4743

========================================
Protein: 121p
========================================
Cluster 1: score=0.4864
Cluster 2: score=0.4260

========================================
Protein: 121p
========================================
Cluster 1: score=0.4728

========================================
Protein: 121p
========================================
Cluster 1: score=0.4736

========================================
Protein: 121p
========================================
Cluster 1: score=0.4767

========================================
Protein: 121p
========================================
Cluster 1: score=0.4692

========================================
Protein: 121p
========================================
Cluster 1: score=0.4682

========================================
Protein: 121p
========================================
Cluster 1: score=0.4808

========================================
Protein: 12as
========================================
Cluster 1: score=0.5118
Cluster 2: score=0.4611
Cluster 3: score=0.4523

========================================
Protein: 121p
========================================
Cluster 1: score=0.4664

========================================
Protein: 121p
========================================
Cluster 1: score=0.4639

========================================
Protein: 12as
========================================
Cluster 1: score=0.5156
Cluster 2: score=0.4672
Cluster 3: score=0.4364

========================================
Protein: 13pk
========================================
Cluster 1: score=0.4648
Cluster 2: score=0.4608

========================================
Protein: 16pk
========================================
Cluster 1: score=0.5750
Cluster 2: score=0.4558

========================================
Protein: 17gs
========================================
Cluster 1: score=0.4893

========================================
Protein: 182l
========================================
Cluster 1: score=0.5342
Cluster 2: score=0.5059
Cluster 3: score=0.4418

========================================
Protein: 183l
========================================
Cluster 1: score=0.5232
Cluster 2: score=0.4475

========================================
Protein: 185l
========================================
Cluster 1: score=0.5352
Cluster 2: score=0.4586
Cluster 3: score=0.4404

========================================
Protein: 186l
========================================
Cluster 1: score=0.5296
Cluster 2: score=0.4855
Cluster 3: score=0.4819

========================================
Protein: 187l
========================================
Cluster 1: score=0.5410
Cluster 2: score=0.4900
Cluster 3: score=0.4583

========================================
Protein: 18gs
========================================
Cluster 1: score=0.4893

========================================
Protein: 19gs
========================================
Cluster 1: score=0.4916

========================================
Protein: 1a05
========================================
Cluster 1: score=0.4900
Cluster 2: score=0.4524

========================================
Protein: 1a26
========================================
Cluster 1: score=0.5377

========================================
Protein: 1a2c
========================================
Cluster 1: score=0.5212

========================================
Protein: 1a2k
========================================
Cluster 1: score=0.4724
Cluster 2: score=0.4308

========================================
Protein: 1a3g
========================================
Cluster 1: score=0.4913
Cluster 2: score=0.4850
Cluster 3: score=0.4422

========================================
Protein: 1a3l
========================================
Cluster 1: score=0.4576
Cluster 2: score=0.4440
Cluster 3: score=0.4363

========================================
Protein: 1a46
========================================
Cluster 1: score=0.5510

========================================
Protein: 1a4i
========================================
Cluster 1: score=0.4744
Cluster 2: score=0.4689
Cluster 3: score=0.4678

========================================
Protein: 1a4q
========================================
Cluster 1: score=0.4779

========================================
Protein: 1a4w
========================================
Cluster 1: score=0.5321

========================================
Protein: 1a53
========================================
Cluster 1: score=0.4802

========================================
Protein: 1a54
========================================
Cluster 1: score=0.4650
Cluster 2: score=0.4350

========================================
Protein: 1a59
========================================
Cluster 1: score=0.5564

========================================
Protein: 1a5a
========================================
Cluster 1: score=0.5646

========================================
Protein: 1a5b
========================================
Cluster 1: score=0.5538
Cluster 2: score=0.4633

========================================
Protein: 1a5g
========================================
Cluster 1: score=0.5535

========================================
Protein: 1a5s
========================================
Cluster 1: score=0.5128
Cluster 2: score=0.4632
Cluster 3: score=0.4557

========================================
Protein: 1a5z
========================================
Cluster 1: score=0.5248
Cluster 2: score=0.4390

========================================
Protein: 1a69
========================================
Cluster 1: score=0.4943

========================================
Protein: 1a6v
========================================
Cluster 1: score=0.4407
Cluster 2: score=0.4263

========================================
Protein: 1a71
========================================
Cluster 1: score=0.5615

========================================
Protein: 1a78
========================================
Cluster 1: score=0.4536
Cluster 2: score=0.4291

========================================
Protein: 1a8g
========================================
Cluster 1: score=0.4980

========================================
Protein: 1a8p
========================================
Cluster 1: score=0.5587
Cluster 2: score=0.4330

========================================
Protein: 1a95
========================================
Cluster 1: score=0.4314
Cluster 2: score=0.4291
Cluster 3: score=0.4268

========================================
Protein: 1a9m
========================================
Cluster 1: score=0.5142

========================================
Protein: 1a9q
========================================
Cluster 1: score=0.5935

========================================
Protein: 1a9r
========================================
Cluster 1: score=0.6113

========================================
Protein: 1a9s
========================================
Cluster 1: score=0.5510
Cluster 2: score=0.4665

========================================
Protein: 1a9t
========================================
Cluster 1: score=0.5580

========================================
Protein: 1a9y
========================================
Cluster 1: score=0.5718

========================================
Protein: 1a9z
========================================
Cluster 1: score=0.5738

========================================
Protein: 1aa6
========================================
Cluster 1: score=0.5661

========================================
Protein: 1abf
========================================
Cluster 1: score=0.5236
Cluster 2: score=0.4486

========================================
Protein: 1ac4
========================================
Cluster 1: score=0.5740

========================================
Protein: 1ac8
========================================
Cluster 1: score=0.5908

========================================
Protein: 1ads
========================================
Cluster 1: score=0.6017
Cluster 2: score=0.5346
Cluster 3: score=0.5075

========================================
Protein: 1ae1
========================================
Cluster 1: score=0.4630
Cluster 2: score=0.4486
Cluster 3: score=0.4450

========================================
Protein: 1ae8
========================================
Cluster 1: score=0.5150

========================================
Protein: 1aed
========================================
Cluster 1: score=0.5827

========================================
Protein: 1aee
========================================
Cluster 1: score=0.5897

========================================
Protein: 1aef
========================================
Cluster 1: score=0.5803

========================================
Protein: 1aeg
========================================
Cluster 1: score=0.5733

========================================
Protein: 1aeh
========================================
Cluster 1: score=0.5829

========================================
Protein: 1aej
========================================
Cluster 1: score=0.5932

========================================
Protein: 1aek
========================================
Cluster 1: score=0.5542

========================================
Protein: 1aem
========================================
Cluster 1: score=0.5812

========================================
Protein: 1aen
========================================
Cluster 1: score=0.5674

========================================
Protein: 1aeo
========================================
Cluster 1: score=0.5705

========================================
Protein: 1aeq
========================================
Cluster 1: score=0.5782

========================================
Protein: 1af6
========================================
Cluster 1: score=0.4485

========================================
Protein: 1af7
========================================
Cluster 1: score=0.4893

========================================
Protein: 1afe
========================================
Cluster 1: score=0.5213

========================================
Protein: 1afq
========================================
Cluster 1: score=0.4621

========================================
Protein: 1afs
========================================
Cluster 1: score=0.5486
Cluster 2: score=0.4938

========================================
Protein: 1ah0
========================================
Cluster 1: score=0.4615

========================================
Protein: 1ah3
========================================
Cluster 1: score=0.4769

========================================
Protein: 1ah4
========================================
Cluster 1: score=0.4635

========================================
Protein: 1ah5
========================================
Cluster 1: score=0.5356

========================================
Protein: 1ahb
========================================
Cluster 1: score=0.5137

========================================
Protein: 1ahe
========================================
Cluster 1: score=0.4741
Cluster 2: score=0.4543

========================================
Protein: 1ahf
========================================
Cluster 1: score=0.4951
Cluster 2: score=0.4804

========================================
Protein: 1aht
========================================
Cluster 1: score=0.5291

========================================
Protein: 1ahx
========================================
Cluster 1: score=0.4843
Cluster 2: score=0.4760

========================================
Protein: 1ahy
========================================
Cluster 1: score=0.4796
Cluster 2: score=0.4333

========================================
Protein: 1ai8
========================================
Cluster 1: score=0.5387

========================================
Protein: 1aia
========================================
Cluster 1: score=0.4866
Cluster 2: score=0.4741

========================================
Protein: 1aic
========================================
Cluster 1: score=0.4826
Cluster 2: score=0.4790

========================================
Protein: 1aid
========================================
Cluster 1: score=0.5000
Cluster 2: score=0.4889

========================================
Protein: 1aix
========================================
Cluster 1: score=0.5562

========================================
Protein: 1aj0
========================================
Cluster 1: score=0.5527

========================================
Protein: 1aj2
========================================
Cluster 1: score=0.5545

========================================
Protein: 1aj8
========================================
Cluster 1: score=0.5292
Cluster 2: score=0.5064

========================================
Protein: 1ajk
========================================
Cluster 1: score=0.5018
Cluster 2: score=0.4977
Cluster 3: score=0.4776

========================================
Protein: 1ajn
========================================
Cluster 1: score=0.5074

========================================
Protein: 1ajp
========================================
Cluster 1: score=0.5292

========================================
Protein: 121p
========================================
Cluster 1: score=0.4597

========================================
Protein: 121p
========================================
Cluster 1: score=0.4645

========================================
Protein: 121p
========================================
Cluster 1: score=0.4758

========================================
Protein: 12as
========================================
Cluster 1: score=0.5230
Cluster 2: score=0.4488
Cluster 3: score=0.4308

========================================
Protein: 13pk
========================================
Cluster 1: score=0.4840
Cluster 2: score=0.4561

========================================
Protein: 16pk
========================================
Cluster 1: score=0.5686
Cluster 2: score=0.4497

========================================
Protein: 17gs
========================================
Cluster 1: score=0.4814

========================================
Protein: 182l
========================================
Cluster 1: score=0.5314
Cluster 2: score=0.4923
Cluster 3: score=0.4807

========================================
Protein: 183l
========================================
Cluster 1: score=0.5245
Cluster 2: score=0.4718
Cluster 3: score=0.4612

========================================
Protein: 185l
========================================
Cluster 1: score=0.5314
Cluster 2: score=0.4750
Cluster 3: score=0.4607

========================================
Protein: 186l
========================================
Cluster 1: score=0.5269
Cluster 2: score=0.4711
Cluster 3: score=0.4625

========================================
Protein: 187l
========================================
Cluster 1: score=0.5276

========================================
Protein: 18gs
========================================
Cluster 1: score=0.4893

========================================
Protein: 19gs
========================================
Cluster 1: score=0.4856

========================================
Protein: 1a05
========================================
Cluster 1: score=0.4693
Cluster 2: score=0.4591

========================================
Protein: 1a26
========================================
Cluster 1: score=0.5377

========================================
Protein: 1a2c
========================================
Cluster 1: score=0.5309

========================================
Protein: 1a2k
========================================
Cluster 1: score=0.4786
Cluster 2: score=0.4536

========================================
Protein: 1a3g
========================================
Cluster 1: score=0.5001
Cluster 2: score=0.4510
Cluster 3: score=0.4360

========================================
Protein: 1a3l
========================================
Cluster 1: score=0.4455
Cluster 2: score=0.4400
Cluster 3: score=0.4336

========================================
Protein: 1a46
========================================
Cluster 1: score=0.5359
Cluster 2: score=0.4479

========================================
Protein: 1a4i
========================================
Cluster 1: score=0.4925
Cluster 2: score=0.4813
Cluster 3: score=0.4785
Cluster 4: score=0.4736

========================================
Protein: 1a4q
========================================
Cluster 1: score=0.4713

========================================
Protein: 1a4w
========================================
Cluster 1: score=0.5348
Cluster 2: score=0.4700

========================================
Protein: 1a53
========================================
Cluster 1: score=0.4839

========================================
Protein: 1a54
========================================
Cluster 1: score=0.4760
Cluster 2: score=0.4358
Cluster 3: score=0.4263

========================================
Protein: 1a59
========================================
Cluster 1: score=0.5624

========================================
Protein: 1a5a
========================================
Cluster 1: score=0.5602

========================================
Protein: 1a5b
========================================
Cluster 1: score=0.5563
Cluster 2: score=0.4468

========================================
Protein: 1a5g
========================================
Cluster 1: score=0.5516

========================================
Protein: 1a5s
========================================
Cluster 1: score=0.5248
Cluster 2: score=0.4808
Cluster 3: score=0.4568
Cluster 4: score=0.4120

========================================
Protein: 1a5z
========================================
Cluster 1: score=0.5370
Cluster 2: score=0.4290
Cluster 3: score=0.4229

========================================
Protein: 1a69
========================================
Cluster 1: score=0.4898

========================================
Protein: 1a6v
========================================
Cluster 1: score=0.4436

========================================
Protein: 1a71
========================================
Cluster 1: score=0.5652

========================================
Protein: 1a78
========================================
Cluster 1: score=0.4606
Cluster 2: score=0.4461

========================================
Protein: 1a86
========================================
Cluster 1: score=0.4771

========================================
Protein: 1a8g
========================================
Cluster 1: score=0.4950

========================================
Protein: 1a8p
========================================
Cluster 1: score=0.5484
Cluster 2: score=0.4490

========================================
Protein: 1a95
========================================
Cluster 1: score=0.4350
Cluster 2: score=0.4324
Cluster 3: score=0.4279

========================================
Protein: 1a9m
========================================
Cluster 1: score=0.5103

========================================
Protein: 1a9q
========================================
Cluster 1: score=0.5947

========================================
Protein: 1a9r
========================================
Cluster 1: score=0.6115

========================================
Protein: 1a9s
========================================
Cluster 1: score=0.5624
Cluster 2: score=0.4500

========================================
Protein: 1a9t
========================================
Cluster 1: score=0.5516

========================================
Protein: 1a9y
========================================
Cluster 1: score=0.5689

========================================
Protein: 1a9z
========================================
Cluster 1: score=0.5632

========================================
Protein: 1aa6
========================================
Cluster 1: score=0.5645

========================================
Protein: 1abf
========================================
Cluster 1: score=0.5226
Cluster 2: score=0.4336

========================================
Protein: 1ac4
========================================
Cluster 1: score=0.5537

========================================
Protein: 1ac8
========================================
Cluster 1: score=0.5678

========================================
Protein: 1ads
========================================
Cluster 1: score=0.6017
Cluster 2: score=0.5740
Cluster 3: score=0.5231
Cluster 4: score=0.4900

========================================
Protein: 1ae1
========================================
Cluster 1: score=0.4508
Cluster 2: score=0.4200

========================================
Protein: 1ae8
========================================
Cluster 1: score=0.5230
Cluster 2: score=0.4767

========================================
Protein: 1aed
========================================
Cluster 1: score=0.5812

========================================
Protein: 1aee
========================================
Cluster 1: score=0.5768

========================================
Protein: 1aef
========================================
Cluster 1: score=0.5713

========================================
Protein: 1aeg
========================================
Cluster 1: score=0.5776

========================================
Protein: 1aeh
========================================
Cluster 1: score=0.5621

========================================
Protein: 1aej
========================================
Cluster 1: score=0.5843

========================================
Protein: 1aek
========================================
Cluster 1: score=0.5665

========================================
Protein: 1aem
========================================
Cluster 1: score=0.5767

========================================
Protein: 1aen
========================================
Cluster 1: score=0.5706

========================================
Protein: 1aeo
========================================
Cluster 1: score=0.5655

========================================
Protein: 1aeq
========================================
Cluster 1: score=0.5703

========================================
Protein: 1af6
========================================
Cluster 1: score=0.4433

========================================
Protein: 1af7
========================================
Cluster 1: score=0.5057

========================================
Protein: 1afe
========================================
Cluster 1: score=0.5184

========================================
Protein: 1afq
========================================
Cluster 1: score=0.4448

========================================
Protein: 1afs
========================================
Cluster 1: score=0.5098
Cluster 2: score=0.5071
Cluster 3: score=0.4271

========================================
Protein: 1ah0
========================================
Cluster 1: score=0.4397

========================================
Protein: 1ah3
========================================
Cluster 1: score=0.4683

========================================
Protein: 1ah4
========================================
Cluster 1: score=0.4637

========================================
Protein: 1ah5
========================================
Cluster 1: score=0.5326

========================================
Protein: 1ahb
========================================
Cluster 1: score=0.4860

========================================
Protein: 1ahe
========================================
Cluster 1: score=0.4571
Cluster 2: score=0.4347

========================================
Protein: 1ahf
========================================
Cluster 1: score=0.4922
Cluster 2: score=0.4847

========================================
Protein: 1ahi
========================================
Cluster 1: score=0.4243
Cluster 2: score=0.4050

========================================
Protein: 1aht
========================================
Cluster 1: score=0.5326

========================================
Protein: 1ahx
========================================
Cluster 1: score=0.4997
Cluster 2: score=0.4864

========================================
Protein: 1ahy
========================================
Cluster 1: score=0.4633
Cluster 2: score=0.4620

========================================
Protein: 1ai8
========================================
Cluster 1: score=0.5313

========================================
Protein: 1aia
========================================
Cluster 1: score=0.4803
Cluster 2: score=0.4769

========================================
Protein: 1aic
========================================
Cluster 1: score=0.4823
Cluster 2: score=0.4621

========================================
Protein: 1aid
========================================
Cluster 1: score=0.4950

========================================
Protein: 1aix
========================================
Cluster 1: score=0.5389

========================================
Protein: 1aj0
========================================
Cluster 1: score=0.5540

========================================
Protein: 1aj2
========================================
Cluster 1: score=0.5534

========================================
Protein: 1aj8
========================================
Cluster 1: score=0.5245
Cluster 2: score=0.5117

========================================
Protein: 1ajk
========================================
Cluster 1: score=0.4911
Cluster 2: score=0.4880

========================================
Protein: 1ajn
========================================
Cluster 1: score=0.5212

========================================
Protein: 1ajp
========================================
Cluster 1: score=0.5093
